<?xml version="1.0" encoding="UTF-8"?>
<!-- Generated by org.testng.reporters.JUnitReportReporter -->
<testsuite hostname="Mypc" name="grid.GridEx" tests="2" failures="0" timestamp="24 Aug 2016 01:53:49 GMT" time="89.345" errors="0">
  <testcase name="grid" time="30.837" classname="grid.GridEx"/>
  <testcase name="grid" time="58.508" classname="grid.GridEx"/>
</testsuite> <!-- grid.GridEx -->
