<?xml version="1.0" encoding="UTF-8"?>
<!-- Generated by org.testng.reporters.JUnitReportReporter -->
<testsuite hostname="Mypc" name="testNG.empregTest" tests="1" failures="0" timestamp="20 Aug 2016 02:39:38 GMT" time="7.599" errors="0">
  <testcase name="org_Empreg" time="7.599" classname="testNG.empregTest"/>
</testsuite> <!-- testNG.empregTest -->
