<?xml version="1.0" encoding="UTF-8"?>
<!-- Generated by org.testng.reporters.JUnitReportReporter -->
<testsuite hostname="Mypc" name="pom.loginTc" tests="1" failures="0" timestamp="23 Aug 2016 02:02:31 GMT" time="40.303" errors="0">
  <testcase name="login" time="40.303" classname="pom.loginTc"/>
</testsuite> <!-- pom.loginTc -->
