<?xml version="1.0" encoding="UTF-8"?>
<!-- Generated by org.testng.reporters.JUnitReportReporter -->
<testsuite hostname="Mypc" name="testNG.userregtest" tests="1" failures="0" timestamp="20 Aug 2016 02:39:37 GMT" time="15.199" errors="0">
  <testcase name="org_Userreg" time="15.199" classname="testNG.userregtest"/>
</testsuite> <!-- testNG.userregtest -->
