<?xml version="1.0" encoding="UTF-8"?>
<!-- Generated by org.testng.reporters.JUnitReportReporter -->
<testsuite hostname="Mypc" name="testNG.BasicAnnotations" tests="2" failures="0" timestamp="20 Aug 2016 01:48:45 GMT" time="0.035" errors="0">
  <testcase name="function1" time="0.023" classname="testNG.BasicAnnotations"/>
  <testcase name="a" time="0.012" classname="testNG.BasicAnnotations"/>
</testsuite> <!-- testNG.BasicAnnotations -->
