<?xml version="1.0" encoding="UTF-8"?>
<!-- Generated by org.testng.reporters.JUnitReportReporter -->
<testsuite hostname="Mypc" name="driver.keyword" tests="1" failures="0" timestamp="22 Aug 2016 01:52:45 GMT" time="73.821" errors="0">
  <testcase name="driverscript" time="73.821" classname="driver.keyword"/>
</testsuite> <!-- driver.keyword -->
